<?xml version="1.0" encoding="UTF-8"?>
<testsuite xmlns:xsi="http://www.w3.org/2001/XMLSchema-instance" xsi:noNamespaceSchemaLocation="https://maven.apache.org/surefire/maven-surefire-plugin/xsd/surefire-test-report.xsd" name="com.devskiller.library.service.BookServiceIntegrationTest" time="0" tests="11" errors="11" skipped="0" failures="0">
  <properties>
    <property name="java.specification.version" value="17"/>
    <property name="sun.jnu.encoding" value="UTF-8"/>
    <property name="java.class.path" value="/Users/abdulqayyum/Downloads/devskiller-code-H9HT-4T7F-34W4-S4T0/target/test-classes:/Users/abdulqayyum/Downloads/devskiller-code-H9HT-4T7F-34W4-S4T0/target/classes:/Users/abdulqayyum/.m2/repository/org/junit/jupiter/junit-jupiter-engine/5.9.0/junit-jupiter-engine-5.9.0.jar:/Users/abdulqayyum/.m2/repository/org/junit/platform/junit-platform-engine/1.9.0/junit-platform-engine-1.9.0.jar:/Users/abdulqayyum/.m2/repository/org/opentest4j/opentest4j/1.2.0/opentest4j-1.2.0.jar:/Users/abdulqayyum/.m2/repository/org/junit/platform/junit-platform-commons/1.9.0/junit-platform-commons-1.9.0.jar:/Users/abdulqayyum/.m2/repository/org/junit/jupiter/junit-jupiter-api/5.9.0/junit-jupiter-api-5.9.0.jar:/Users/abdulqayyum/.m2/repository/org/apiguardian/apiguardian-api/1.1.2/apiguardian-api-1.1.2.jar:/Users/abdulqayyum/.m2/repository/org/mockito/mockito-inline/4.7.0/mockito-inline-4.7.0.jar:/Users/abdulqayyum/.m2/repository/org/mockito/mockito-core/4.7.0/mockito-core-4.7.0.jar:/Users/abdulqayyum/.m2/repository/net/bytebuddy/byte-buddy/1.12.13/byte-buddy-1.12.13.jar:/Users/abdulqayyum/.m2/repository/net/bytebuddy/byte-buddy-agent/1.12.13/byte-buddy-agent-1.12.13.jar:/Users/abdulqayyum/.m2/repository/org/objenesis/objenesis/3.2/objenesis-3.2.jar:"/>
    <property name="java.vm.vendor" value="Oracle Corporation"/>
    <property name="sun.arch.data.model" value="64"/>
    <property name="java.vendor.url" value="https://java.oracle.com/"/>
    <property name="os.name" value="Mac OS X"/>
    <property name="java.vm.specification.version" value="17"/>
    <property name="sun.java.launcher" value="SUN_STANDARD"/>
    <property name="user.country" value="PK"/>
    <property name="sun.boot.library.path" value="/Library/Java/JavaVirtualMachines/jdk-17.jdk/Contents/Home/lib"/>
    <property name="sun.java.command" value="/Users/abdulqayyum/Downloads/devskiller-code-H9HT-4T7F-34W4-S4T0/target/surefire/surefirebooter5302751250867450298.jar /Users/abdulqayyum/Downloads/devskiller-code-H9HT-4T7F-34W4-S4T0/target/surefire 2023-09-09T13-07-23_360-jvmRun1 surefire12298939815129324817tmp surefire_01865777604243670240tmp"/>
    <property name="http.nonProxyHosts" value="local|*.local|169.254/16|*.169.254/16"/>
    <property name="jdk.debug" value="release"/>
    <property name="surefire.test.class.path" value="/Users/abdulqayyum/Downloads/devskiller-code-H9HT-4T7F-34W4-S4T0/target/test-classes:/Users/abdulqayyum/Downloads/devskiller-code-H9HT-4T7F-34W4-S4T0/target/classes:/Users/abdulqayyum/.m2/repository/org/junit/jupiter/junit-jupiter-engine/5.9.0/junit-jupiter-engine-5.9.0.jar:/Users/abdulqayyum/.m2/repository/org/junit/platform/junit-platform-engine/1.9.0/junit-platform-engine-1.9.0.jar:/Users/abdulqayyum/.m2/repository/org/opentest4j/opentest4j/1.2.0/opentest4j-1.2.0.jar:/Users/abdulqayyum/.m2/repository/org/junit/platform/junit-platform-commons/1.9.0/junit-platform-commons-1.9.0.jar:/Users/abdulqayyum/.m2/repository/org/junit/jupiter/junit-jupiter-api/5.9.0/junit-jupiter-api-5.9.0.jar:/Users/abdulqayyum/.m2/repository/org/apiguardian/apiguardian-api/1.1.2/apiguardian-api-1.1.2.jar:/Users/abdulqayyum/.m2/repository/org/mockito/mockito-inline/4.7.0/mockito-inline-4.7.0.jar:/Users/abdulqayyum/.m2/repository/org/mockito/mockito-core/4.7.0/mockito-core-4.7.0.jar:/Users/abdulqayyum/.m2/repository/net/bytebuddy/byte-buddy/1.12.13/byte-buddy-1.12.13.jar:/Users/abdulqayyum/.m2/repository/net/bytebuddy/byte-buddy-agent/1.12.13/byte-buddy-agent-1.12.13.jar:/Users/abdulqayyum/.m2/repository/org/objenesis/objenesis/3.2/objenesis-3.2.jar:"/>
    <property name="sun.cpu.endian" value="little"/>
    <property name="user.home" value="/Users/abdulqayyum"/>
    <property name="user.language" value="en"/>
    <property name="java.specification.vendor" value="Oracle Corporation"/>
    <property name="java.version.date" value="2023-01-17"/>
    <property name="java.home" value="/Library/Java/JavaVirtualMachines/jdk-17.jdk/Contents/Home"/>
    <property name="file.separator" value="/"/>
    <property name="basedir" value="/Users/abdulqayyum/Downloads/devskiller-code-H9HT-4T7F-34W4-S4T0"/>
    <property name="java.vm.compressedOopsMode" value="Zero based"/>
    <property name="line.separator" value="&#10;"/>
    <property name="java.specification.name" value="Java Platform API Specification"/>
    <property name="java.vm.specification.vendor" value="Oracle Corporation"/>
    <property name="surefire.real.class.path" value="/Users/abdulqayyum/Downloads/devskiller-code-H9HT-4T7F-34W4-S4T0/target/surefire/surefirebooter5302751250867450298.jar"/>
    <property name="sun.management.compiler" value="HotSpot 64-Bit Tiered Compilers"/>
    <property name="ftp.nonProxyHosts" value="local|*.local|169.254/16|*.169.254/16"/>
    <property name="java.runtime.version" value="17.0.6+9-LTS-190"/>
    <property name="user.name" value="abdulqayyum"/>
    <property name="path.separator" value=":"/>
    <property name="os.version" value="13.1"/>
    <property name="java.runtime.name" value="Java(TM) SE Runtime Environment"/>
    <property name="file.encoding" value="UTF-8"/>
    <property name="java.vm.name" value="Java HotSpot(TM) 64-Bit Server VM"/>
    <property name="localRepository" value="/Users/abdulqayyum/.m2/repository"/>
    <property name="java.vendor.url.bug" value="https://bugreport.java.com/bugreport/"/>
    <property name="java.io.tmpdir" value="/var/folders/y7/brvv7tw119s6ffn6snshbm700000gn/T/"/>
    <property name="java.version" value="17.0.6"/>
    <property name="user.dir" value="/Users/abdulqayyum/Downloads/devskiller-code-H9HT-4T7F-34W4-S4T0"/>
    <property name="os.arch" value="aarch64"/>
    <property name="java.vm.specification.name" value="Java Virtual Machine Specification"/>
    <property name="native.encoding" value="UTF-8"/>
    <property name="java.library.path" value="/Users/abdulqayyum/Library/Java/Extensions:/Library/Java/Extensions:/Network/Library/Java/Extensions:/System/Library/Java/Extensions:/usr/lib/java:."/>
    <property name="java.vm.info" value="mixed mode, sharing"/>
    <property name="java.vendor" value="Oracle Corporation"/>
    <property name="java.vm.version" value="17.0.6+9-LTS-190"/>
    <property name="sun.io.unicode.encoding" value="UnicodeBig"/>
    <property name="socksNonProxyHosts" value="local|*.local|169.254/16|*.169.254/16"/>
    <property name="java.class.version" value="61.0"/>
  </properties>
  <testcase name="getAvailableBookCopies" classname="com.devskiller.library.service.BookServiceIntegrationTest" time="0">
    <error message="getProperty" type="java.lang.UnsupportedOperationException"><![CDATA[java.lang.UnsupportedOperationException: getProperty
	at com.devskiller.library.service.BookServiceIntegrationTest.<init>(BookServiceIntegrationTest.java:32)
]]></error>
  </testcase>
  <testcase name="removeBookCopyRemovesSingleCopy" classname="com.devskiller.library.service.BookServiceIntegrationTest" time="0">
    <error message="getProperty" type="java.lang.UnsupportedOperationException"><![CDATA[java.lang.UnsupportedOperationException: getProperty
	at com.devskiller.library.service.BookServiceIntegrationTest.<init>(BookServiceIntegrationTest.java:32)
]]></error>
  </testcase>
  <testcase name="returnBookUpdatesUserRecordAndAddsAvailableCopy" classname="com.devskiller.library.service.BookServiceIntegrationTest" time="0">
    <error message="getProperty" type="java.lang.UnsupportedOperationException"><![CDATA[java.lang.UnsupportedOperationException: getProperty
	at com.devskiller.library.service.BookServiceIntegrationTest.<init>(BookServiceIntegrationTest.java:32)
]]></error>
  </testcase>
  <testcase name="addedBookCopyIsAvailable" classname="com.devskiller.library.service.BookServiceIntegrationTest" time="0">
    <error message="getProperty" type="java.lang.UnsupportedOperationException"><![CDATA[java.lang.UnsupportedOperationException: getProperty
	at com.devskiller.library.service.BookServiceIntegrationTest.<init>(BookServiceIntegrationTest.java:32)
]]></error>
  </testcase>
  <testcase name="removeBookCopyThrowsExceptionWhenBookNotFound" classname="com.devskiller.library.service.BookServiceIntegrationTest" time="0">
    <error message="getProperty" type="java.lang.UnsupportedOperationException"><![CDATA[java.lang.UnsupportedOperationException: getProperty
	at com.devskiller.library.service.BookServiceIntegrationTest.<init>(BookServiceIntegrationTest.java:32)
]]></error>
  </testcase>
  <testcase name="borrowBookThrowsExceptionIfBookNotFound" classname="com.devskiller.library.service.BookServiceIntegrationTest" time="0">
    <error message="getProperty" type="java.lang.UnsupportedOperationException"><![CDATA[java.lang.UnsupportedOperationException: getProperty
	at com.devskiller.library.service.BookServiceIntegrationTest.<init>(BookServiceIntegrationTest.java:32)
]]></error>
  </testcase>
  <testcase name="borrowBookThrowsExceptionIfBookNotAvailable" classname="com.devskiller.library.service.BookServiceIntegrationTest" time="0">
    <error message="getProperty" type="java.lang.UnsupportedOperationException"><![CDATA[java.lang.UnsupportedOperationException: getProperty
	at com.devskiller.library.service.BookServiceIntegrationTest.<init>(BookServiceIntegrationTest.java:32)
]]></error>
  </testcase>
  <testcase name="removeBookCopyThrowsExceptionWhenBookNotAvailable" classname="com.devskiller.library.service.BookServiceIntegrationTest" time="0">
    <error message="getProperty" type="java.lang.UnsupportedOperationException"><![CDATA[java.lang.UnsupportedOperationException: getProperty
	at com.devskiller.library.service.BookServiceIntegrationTest.<init>(BookServiceIntegrationTest.java:32)
]]></error>
  </testcase>
  <testcase name="getAvailableBookCopiesWhenBookNotAvailable" classname="com.devskiller.library.service.BookServiceIntegrationTest" time="0">
    <error message="getProperty" type="java.lang.UnsupportedOperationException"><![CDATA[java.lang.UnsupportedOperationException: getProperty
	at com.devskiller.library.service.BookServiceIntegrationTest.<init>(BookServiceIntegrationTest.java:32)
]]></error>
  </testcase>
  <testcase name="getAvailableBookCopiesThrowsExceptionWhenBookNotFound" classname="com.devskiller.library.service.BookServiceIntegrationTest" time="0">
    <error message="getProperty" type="java.lang.UnsupportedOperationException"><![CDATA[java.lang.UnsupportedOperationException: getProperty
	at com.devskiller.library.service.BookServiceIntegrationTest.<init>(BookServiceIntegrationTest.java:32)
]]></error>
  </testcase>
  <testcase name="borrowBookUpdatesUserRecordAndRemovesAvailableCopy" classname="com.devskiller.library.service.BookServiceIntegrationTest" time="0">
    <error message="getProperty" type="java.lang.UnsupportedOperationException"><![CDATA[java.lang.UnsupportedOperationException: getProperty
	at com.devskiller.library.service.BookServiceIntegrationTest.<init>(BookServiceIntegrationTest.java:32)
]]></error>
  </testcase>
</testsuite>